<?xml version="1.0" encoding="UTF-8"?>
<!-- Generated by org.testng.reporters.JUnitReportReporter -->
<testsuite hostname="Altecs-MBP" failures="0" tests="1" name="tests.SimpleTest" time="14.103" errors="0" timestamp="2023-06-30T17:41:28 IDT" skipped="0">
  <testcase classname="tests.SimpleTest" name="tc01_simpleTest" time="14.103"/>
  <system-out/>
</testsuite> <!-- tests.SimpleTest -->
