<?xml version="1.0" encoding="UTF-8"?>
<!-- Generated by org.testng.reporters.JUnitReportReporter -->
<testsuite hostname="Altecs-MBP" failures="0" tests="6" name="tests.HomePageTest" time="8.073" errors="0" timestamp="2023-06-30T18:09:26 IDT" skipped="0">
  <testcase classname="tests.HomePageTest" name="tc01_getTableCellText" time="0.442"/>
  <system-out/>
  <testcase classname="tests.HomePageTest" name="tc04_getTableCellTextWithColumnName" time="2.147"/>
  <system-out/>
  <testcase classname="tests.HomePageTest" name="tc03_getTableCellTextByXpath" time="0.060"/>
  <system-out/>
  <testcase classname="tests.HomePageTest" name="tc05_verifyTableCellTextWithColumnName" time="2.606"/>
  <system-out/>
  <testcase classname="tests.HomePageTest" name="tc06_getTableCellTextByXpathWithColumnName" time="0.405"/>
  <system-out/>
  <testcase classname="tests.HomePageTest" name="tc02_verifyTableCellText" time="2.413"/>
  <system-out/>
</testsuite> <!-- tests.HomePageTest -->
