<?xml version="1.0" encoding="UTF-8"?>
<!-- Generated by org.testng.reporters.JUnitReportReporter -->
<testsuite hostname="Altecs-MBP" failures="0" tests="6" name="tests.HomePageTest" time="9.367" errors="0" timestamp="2023-06-30T18:36:00 IDT" skipped="0">
  <testcase classname="tests.HomePageTest" name="tc03_getTableCellTextByXpath" time="1.181"/>
  <system-out/>
  <testcase classname="tests.HomePageTest" name="tc01_getTableCellText" time="5.266"/>
  <system-out/>
  <testcase classname="tests.HomePageTest" name="tc04_getTableCellTextWithColumnName" time="0.551"/>
  <system-out/>
  <testcase classname="tests.HomePageTest" name="tc06_getTableCellTextByXpathWithColumnName" time="0.302"/>
  <system-out/>
  <testcase classname="tests.HomePageTest" name="tc02_verifyTableCellText" time="1.417"/>
  <system-out/>
  <testcase classname="tests.HomePageTest" name="tc05_verifyTableCellTextWithColumnName" time="0.650"/>
  <system-out/>
</testsuite> <!-- tests.HomePageTest -->
